<?xml version="1.0" encoding="UTF-8"?>
<!-- Generated by org.testng.reporters.JUnitXMLReporter -->
<testsuite ignored="0" hostname="SLB-3MVR3Q3" failures="4" tests="4" name="Sample Test" time="21.455" errors="0" timestamp="2024-04-04T16:45:42 IST">
  <testcase classname="io.cucumber.testng.AbstractTestNGCucumberTests" name="runScenario" time="5.442">
    <failure type="java.lang.NullPointerException" message="inStream parameter is null">
      <![CDATA[java.lang.NullPointerException: inStream parameter is null
at java.base/java.util.Objects.requireNonNull(Objects.java:259)
at java.base/java.util.Properties.load(Properties.java:408)
at Utilities.CommonFunctions.getObjDetails(CommonFunctions.java:69)
at StepDefinition.Init_Teardown.initDriver(Init_Teardown.java:33)
]]>
    </failure>
  </testcase> <!-- runScenario -->
  <testcase classname="io.cucumber.testng.AbstractTestNGCucumberTests" name="runScenario" time="5.084">
    <failure type="java.lang.NullPointerException" message="inStream parameter is null">
      <![CDATA[java.lang.NullPointerException: inStream parameter is null
at java.base/java.util.Objects.requireNonNull(Objects.java:259)
at java.base/java.util.Properties.load(Properties.java:408)
at Utilities.CommonFunctions.getObjDetails(CommonFunctions.java:69)
at StepDefinition.Init_Teardown.initDriver(Init_Teardown.java:33)
]]>
    </failure>
  </testcase> <!-- runScenario -->
  <testcase classname="io.cucumber.testng.AbstractTestNGCucumberTests" name="runScenario" time="5.061">
    <failure type="java.lang.NullPointerException" message="inStream parameter is null">
      <![CDATA[java.lang.NullPointerException: inStream parameter is null
at java.base/java.util.Objects.requireNonNull(Objects.java:259)
at java.base/java.util.Properties.load(Properties.java:408)
at Utilities.CommonFunctions.getObjDetails(CommonFunctions.java:69)
at StepDefinition.Init_Teardown.initDriver(Init_Teardown.java:33)
]]>
    </failure>
  </testcase> <!-- runScenario -->
  <testcase classname="io.cucumber.testng.AbstractTestNGCucumberTests" name="runScenario" time="5.07">
    <failure type="java.lang.NullPointerException" message="inStream parameter is null">
      <![CDATA[java.lang.NullPointerException: inStream parameter is null
at java.base/java.util.Objects.requireNonNull(Objects.java:259)
at java.base/java.util.Properties.load(Properties.java:408)
at Utilities.CommonFunctions.getObjDetails(CommonFunctions.java:69)
at StepDefinition.Init_Teardown.initDriver(Init_Teardown.java:33)
]]>
    </failure>
  </testcase> <!-- runScenario -->
</testsuite> <!-- Sample Test -->
